[2019-03-01 10:54:11.346] [exthost] [info] extension host started
[2019-03-01 10:54:11.399] [exthost] [info] ExtensionService#_doActivateExtension vscode.debug-auto-launch {"startup":true,"activationEvent":"*"}
[2019-03-01 10:54:11.399] [exthost] [info] ExtensionService#loadCommonJSModule /snap/vscode/77/usr/share/code/resources/app/extensions/debug-auto-launch/dist/extension
[2019-03-01 10:54:11.407] [exthost] [info] ExtensionService#_doActivateExtension vscode.emmet {"startup":true,"activationEvent":"*"}
[2019-03-01 10:54:11.407] [exthost] [info] ExtensionService#loadCommonJSModule /snap/vscode/77/usr/share/code/resources/app/extensions/emmet/dist/extension
[2019-03-01 10:54:11.436] [exthost] [info] ExtensionService#_doActivateExtension vscode.git {"startup":true,"activationEvent":"*"}
[2019-03-01 10:54:11.436] [exthost] [info] ExtensionService#loadCommonJSModule /snap/vscode/77/usr/share/code/resources/app/extensions/git/dist/main
[2019-03-01 10:54:11.619] [exthost] [info] ExtensionService#_doActivateExtension vscode.merge-conflict {"startup":true,"activationEvent":"*"}
[2019-03-01 10:54:11.619] [exthost] [info] ExtensionService#loadCommonJSModule /snap/vscode/77/usr/share/code/resources/app/extensions/merge-conflict/dist/extension
[2019-03-01 10:54:11.628] [exthost] [info] ExtensionService#_doActivateExtension eamodio.gitlens {"startup":true,"activationEvent":"*"}
[2019-03-01 10:54:11.628] [exthost] [info] ExtensionService#loadCommonJSModule /home/ajamiscosa/.vscode/extensions/eamodio.gitlens-9.5.1/dist/extension
[2019-03-01 10:54:11.842] [exthost] [info] ExtensionService#_doActivateExtension robertohuertasm.vscode-icons {"startup":true,"activationEvent":"*"}
[2019-03-01 10:54:11.842] [exthost] [info] ExtensionService#loadCommonJSModule /home/ajamiscosa/.vscode/extensions/robertohuertasm.vscode-icons-8.2.0/out/src/
[2019-03-01 10:54:11.991] [exthost] [info] eager extensions activated
[2019-03-01 10:54:12.298] [exthost] [info] ExtensionService#_doActivateExtension vscode.html-language-features {"startup":false,"activationEvent":"onLanguage:html"}
[2019-03-01 10:54:12.298] [exthost] [info] ExtensionService#loadCommonJSModule /snap/vscode/77/usr/share/code/resources/app/extensions/html-language-features/client/dist/htmlMain
[2019-03-01 10:54:16.272] [exthost] [info] ExtensionService#_doActivateExtension vscode.configuration-editing {"startup":false,"activationEvent":"onLanguage:jsonc"}
[2019-03-01 10:54:16.272] [exthost] [info] ExtensionService#loadCommonJSModule /snap/vscode/77/usr/share/code/resources/app/extensions/configuration-editing/dist/extension
[2019-03-01 10:54:16.296] [exthost] [info] ExtensionService#_doActivateExtension vscode.json-language-features {"startup":false,"activationEvent":"onLanguage:jsonc"}
[2019-03-01 10:54:16.296] [exthost] [info] ExtensionService#loadCommonJSModule /snap/vscode/77/usr/share/code/resources/app/extensions/json-language-features/client/dist/jsonMain
[2019-03-01 10:54:16.456] [exthost] [info] ExtensionService#_doActivateExtension vscode.typescript-language-features {"startup":false,"activationEvent":"onLanguage:jsonc"}
[2019-03-01 10:54:16.456] [exthost] [info] ExtensionService#loadCommonJSModule /snap/vscode/77/usr/share/code/resources/app/extensions/typescript-language-features/dist/extension
[2019-03-01 10:54:35.875] [exthost] [info] extension host started
[2019-03-01 10:54:35.923] [exthost] [info] ExtensionService#_doActivateExtension vscode.debug-auto-launch {"startup":true,"activationEvent":"*"}
[2019-03-01 10:54:35.923] [exthost] [info] ExtensionService#loadCommonJSModule /snap/vscode/77/usr/share/code/resources/app/extensions/debug-auto-launch/dist/extension
[2019-03-01 10:54:35.930] [exthost] [info] ExtensionService#_doActivateExtension vscode.emmet {"startup":true,"activationEvent":"*"}
[2019-03-01 10:54:35.931] [exthost] [info] ExtensionService#loadCommonJSModule /snap/vscode/77/usr/share/code/resources/app/extensions/emmet/dist/extension
[2019-03-01 10:54:35.966] [exthost] [info] ExtensionService#_doActivateExtension vscode.git {"startup":true,"activationEvent":"*"}
[2019-03-01 10:54:35.966] [exthost] [info] ExtensionService#loadCommonJSModule /snap/vscode/77/usr/share/code/resources/app/extensions/git/dist/main
[2019-03-01 10:54:36.174] [exthost] [info] ExtensionService#_doActivateExtension vscode.merge-conflict {"startup":true,"activationEvent":"*"}
[2019-03-01 10:54:36.174] [exthost] [info] ExtensionService#loadCommonJSModule /snap/vscode/77/usr/share/code/resources/app/extensions/merge-conflict/dist/extension
[2019-03-01 10:54:36.187] [exthost] [info] ExtensionService#_doActivateExtension eamodio.gitlens {"startup":true,"activationEvent":"*"}
[2019-03-01 10:54:36.187] [exthost] [info] ExtensionService#loadCommonJSModule /home/ajamiscosa/.vscode/extensions/eamodio.gitlens-9.5.1/dist/extension
[2019-03-01 10:54:36.465] [exthost] [info] ExtensionService#_doActivateExtension robertohuertasm.vscode-icons {"startup":true,"activationEvent":"*"}
[2019-03-01 10:54:36.466] [exthost] [info] ExtensionService#loadCommonJSModule /home/ajamiscosa/.vscode/extensions/robertohuertasm.vscode-icons-8.2.0/out/src/
[2019-03-01 10:54:37.534] [exthost] [info] ExtensionService#_doActivateExtension felixfbecker.php-intellisense {"startup":true,"activationEvent":"workspaceContains:**/*.php"}
[2019-03-01 10:54:37.534] [exthost] [info] ExtensionService#loadCommonJSModule /home/ajamiscosa/.vscode/extensions/felixfbecker.php-intellisense-2.3.10/out/extension
[2019-03-01 10:54:37.841] [exthost] [info] eager extensions activated
[2019-03-01 10:54:39.846] [exthost] [info] ExtensionService#_doActivateExtension vscode.php-language-features {"startup":false,"activationEvent":"onLanguage:php"}
[2019-03-01 10:54:39.846] [exthost] [info] ExtensionService#loadCommonJSModule /snap/vscode/77/usr/share/code/resources/app/extensions/php-language-features/dist/phpMain
[2019-03-01 10:54:39.889] [exthost] [info] ExtensionService#_doActivateExtension bmewburn.vscode-intelephense-client {"startup":false,"activationEvent":"onLanguage:php"}
[2019-03-01 10:54:39.889] [exthost] [info] ExtensionService#loadCommonJSModule /home/ajamiscosa/.vscode/extensions/bmewburn.vscode-intelephense-client-1.0.4/out/src/extension
[2019-03-01 11:31:19.212] [exthost] [info] ExtensionService#_doActivateExtension onecentlin.laravel-blade {"startup":false,"activationEvent":"onLanguage:blade"}
[2019-03-01 11:31:19.213] [exthost] [info] ExtensionService#loadCommonJSModule /home/ajamiscosa/.vscode/extensions/onecentlin.laravel-blade-1.18.0/out/src/extension
[2019-03-01 11:32:05.801] [exthost] [info] ExtensionService#_doActivateExtension vscode.css-language-features {"startup":false,"activationEvent":"onLanguage:scss"}
[2019-03-01 11:32:05.801] [exthost] [info] ExtensionService#loadCommonJSModule /snap/vscode/77/usr/share/code/resources/app/extensions/css-language-features/client/dist/cssMain
[2019-03-01 11:33:23.162] [exthost] [info] extension host started
[2019-03-01 11:33:23.195] [exthost] [info] ExtensionService#_doActivateExtension vscode.debug-auto-launch {"startup":true,"activationEvent":"*"}
[2019-03-01 11:33:23.195] [exthost] [info] ExtensionService#loadCommonJSModule /snap/vscode/77/usr/share/code/resources/app/extensions/debug-auto-launch/dist/extension
[2019-03-01 11:33:23.202] [exthost] [info] ExtensionService#_doActivateExtension vscode.emmet {"startup":true,"activationEvent":"*"}
[2019-03-01 11:33:23.202] [exthost] [info] ExtensionService#loadCommonJSModule /snap/vscode/77/usr/share/code/resources/app/extensions/emmet/dist/extension
[2019-03-01 11:33:23.235] [exthost] [info] ExtensionService#_doActivateExtension vscode.git {"startup":true,"activationEvent":"*"}
[2019-03-01 11:33:23.235] [exthost] [info] ExtensionService#loadCommonJSModule /snap/vscode/77/usr/share/code/resources/app/extensions/git/dist/main
[2019-03-01 11:33:23.423] [exthost] [info] ExtensionService#_doActivateExtension vscode.merge-conflict {"startup":true,"activationEvent":"*"}
[2019-03-01 11:33:23.423] [exthost] [info] ExtensionService#loadCommonJSModule /snap/vscode/77/usr/share/code/resources/app/extensions/merge-conflict/dist/extension
[2019-03-01 11:33:23.433] [exthost] [info] ExtensionService#_doActivateExtension eamodio.gitlens {"startup":true,"activationEvent":"*"}
[2019-03-01 11:33:23.433] [exthost] [info] ExtensionService#loadCommonJSModule /home/ajamiscosa/.vscode/extensions/eamodio.gitlens-9.5.1/dist/extension
[2019-03-01 11:33:23.601] [exthost] [info] ExtensionService#_doActivateExtension robertohuertasm.vscode-icons {"startup":true,"activationEvent":"*"}
[2019-03-01 11:33:23.601] [exthost] [info] ExtensionService#loadCommonJSModule /home/ajamiscosa/.vscode/extensions/robertohuertasm.vscode-icons-8.2.0/out/src/
[2019-03-01 11:33:23.735] [exthost] [info] ExtensionService#_doActivateExtension vscode.php-language-features {"startup":false,"activationEvent":"onLanguage:php"}
[2019-03-01 11:33:23.735] [exthost] [info] ExtensionService#loadCommonJSModule /snap/vscode/77/usr/share/code/resources/app/extensions/php-language-features/dist/phpMain
[2019-03-01 11:33:23.759] [exthost] [info] ExtensionService#_doActivateExtension bmewburn.vscode-intelephense-client {"startup":false,"activationEvent":"onLanguage:php"}
[2019-03-01 11:33:23.759] [exthost] [info] ExtensionService#loadCommonJSModule /home/ajamiscosa/.vscode/extensions/bmewburn.vscode-intelephense-client-1.0.4/out/src/extension
[2019-03-01 11:33:23.921] [exthost] [info] ExtensionService#_doActivateExtension felixfbecker.php-intellisense {"startup":false,"activationEvent":"onLanguage:php"}
[2019-03-01 11:33:23.921] [exthost] [info] ExtensionService#loadCommonJSModule /home/ajamiscosa/.vscode/extensions/felixfbecker.php-intellisense-2.3.10/out/extension
[2019-03-01 11:33:24.077] [exthost] [info] ExtensionService#_doActivateExtension onecentlin.laravel-blade {"startup":false,"activationEvent":"onLanguage:blade"}
[2019-03-01 11:33:24.077] [exthost] [info] ExtensionService#loadCommonJSModule /home/ajamiscosa/.vscode/extensions/onecentlin.laravel-blade-1.18.0/out/src/extension
[2019-03-01 11:33:24.189] [exthost] [info] ExtensionService#_doActivateExtension vscode.css-language-features {"startup":false,"activationEvent":"onLanguage:scss"}
[2019-03-01 11:33:24.189] [exthost] [info] ExtensionService#loadCommonJSModule /snap/vscode/77/usr/share/code/resources/app/extensions/css-language-features/client/dist/cssMain
[2019-03-01 11:33:24.239] [exthost] [info] ExtensionService#_doActivateExtension vscode.configuration-editing {"startup":false,"activationEvent":"onLanguage:json"}
[2019-03-01 11:33:24.239] [exthost] [info] ExtensionService#loadCommonJSModule /snap/vscode/77/usr/share/code/resources/app/extensions/configuration-editing/dist/extension
[2019-03-01 11:33:24.253] [exthost] [info] ExtensionService#_doActivateExtension vscode.extension-editing {"startup":false,"activationEvent":"onLanguage:json"}
[2019-03-01 11:33:24.253] [exthost] [info] ExtensionService#loadCommonJSModule /snap/vscode/77/usr/share/code/resources/app/extensions/extension-editing/dist/extension
[2019-03-01 11:33:24.335] [exthost] [info] ExtensionService#_doActivateExtension vscode.json-language-features {"startup":false,"activationEvent":"onLanguage:json"}
[2019-03-01 11:33:24.335] [exthost] [info] ExtensionService#loadCommonJSModule /snap/vscode/77/usr/share/code/resources/app/extensions/json-language-features/client/dist/jsonMain
[2019-03-01 11:33:24.438] [exthost] [info] ExtensionService#_doActivateExtension vscode.npm {"startup":false,"activationEvent":"onLanguage:json"}
[2019-03-01 11:33:24.438] [exthost] [info] ExtensionService#loadCommonJSModule /snap/vscode/77/usr/share/code/resources/app/extensions/npm/dist/main
[2019-03-01 11:33:25.018] [exthost] [info] eager extensions activated
[2019-03-01 11:47:24.792] [exthost] [info] ExtensionService#_doActivateExtension vscode.html-language-features {"startup":false,"activationEvent":"onLanguage:html"}
[2019-03-01 11:47:24.792] [exthost] [info] ExtensionService#loadCommonJSModule /snap/vscode/77/usr/share/code/resources/app/extensions/html-language-features/client/dist/htmlMain
[2019-03-01 11:50:52.329] [exthost] [info] ExtensionService#_doActivateExtension vscode.typescript-language-features {"startup":false,"activationEvent":"onLanguage:javascript"}
[2019-03-01 11:50:52.329] [exthost] [info] ExtensionService#loadCommonJSModule /snap/vscode/77/usr/share/code/resources/app/extensions/typescript-language-features/dist/extension
