DEBUG     Checking PHPLS_ALLOW_XDEBUG
DEBUG     The xdebug extension is not loaded

[Info  - 11:33:27 AM] 5837 files total
[Info  - 11:33:27 AM] Indexing project for definitions and static references
Parsing file:///var/www/promo.v1/vendor/composer/autoload_real.php
Parsing file:///var/www/promo.v1/vendor/composer/autoload_classmap.php
[Info  - 11:33:27 AM] Ignoring file file:///var/www/promo.v1/vendor/composer/autoload_classmap.php because it exceeds size limit of 150000 bytes (435833)
Parsing file:///var/www/promo.v1/vendor/composer/autoload_namespaces.php
Parsing file:///var/www/promo.v1/vendor/composer/ClassLoader.php
Parsing file:///var/www/promo.v1/vendor/composer/autoload_psr4.php
Parsing file:///var/www/promo.v1/vendor/composer/autoload_files.php
Parsing file:///var/www/promo.v1/vendor/composer/autoload_static.php
[Info  - 11:33:27 AM] Ignoring file file:///var/www/promo.v1/vendor/composer/autoload_static.php because it exceeds size limit of 150000 bytes (479189)
Parsing file:///var/www/promo.v1/vendor/autoload.php
Parsing file:///var/www/promo.v1/app/Exceptions/Handler.php
Parsing file:///var/www/promo.v1/app/Console/Kernel.php
Parsing file:///var/www/promo.v1/app/Providers/AppServiceProvider.php
Parsing file:///var/www/promo.v1/app/Providers/RouteServiceProvider.php
Parsing file:///var/www/promo.v1/app/Providers/AuthServiceProvider.php
Parsing file:///var/www/promo.v1/app/Providers/BroadcastServiceProvider.php
Parsing file:///var/www/promo.v1/app/Providers/EventServiceProvider.php
Parsing file:///var/www/promo.v1/app/User.php
Parsing file:///var/www/promo.v1/app/Http/Kernel.php
Parsing file:///var/www/promo.v1/app/Http/Controllers/Auth/ForgotPasswordController.php
Parsing file:///var/www/promo.v1/app/Http/Controllers/Auth/LoginController.php
Parsing file:///var/www/promo.v1/app/Http/Controllers/Auth/ResetPasswordController.php
Parsing file:///var/www/promo.v1/app/Http/Controllers/Auth/VerificationController.php
Parsing file:///var/www/promo.v1/app/Http/Controllers/Auth/RegisterController.php
Parsing file:///var/www/promo.v1/app/Http/Controllers/Controller.php
Parsing file:///var/www/promo.v1/app/Http/Middleware/EncryptCookies.php
Parsing file:///var/www/promo.v1/app/Http/Middleware/Authenticate.php
Parsing file:///var/www/promo.v1/app/Http/Middleware/CheckForMaintenanceMode.php
Parsing file:///var/www/promo.v1/app/Http/Middleware/VerifyCsrfToken.php
Parsing file:///var/www/promo.v1/app/Http/Middleware/TrustProxies.php
Parsing file:///var/www/promo.v1/app/Http/Middleware/TrimStrings.php
Parsing file:///var/www/promo.v1/app/Http/Middleware/RedirectIfAuthenticated.php
Parsing file:///var/www/promo.v1/server.php
Parsing file:///var/www/promo.v1/public/index.php
Parsing file:///var/www/promo.v1/database/factories/UserFactory.php
Parsing file:///var/www/promo.v1/database/seeds/DatabaseSeeder.php
Parsing file:///var/www/promo.v1/database/migrations/2014_10_12_000000_create_users_table.php
Parsing file:///var/www/promo.v1/database/migrations/2014_10_12_100000_create_password_resets_table.php
Parsing file:///var/www/promo.v1/tests/Feature/ExampleTest.php
Parsing file:///var/www/promo.v1/tests/TestCase.php
Parsing file:///var/www/promo.v1/tests/CreatesApplication.php
Parsing file:///var/www/promo.v1/tests/Unit/ExampleTest.php
Parsing file:///var/www/promo.v1/config/app.php
Parsing file:///var/www/promo.v1/config/broadcasting.php
Parsing file:///var/www/promo.v1/config/auth.php
Parsing file:///var/www/promo.v1/config/cache.php
Parsing file:///var/www/promo.v1/config/queue.php
Parsing file:///var/www/promo.v1/config/view.php
Parsing file:///var/www/promo.v1/config/session.php
Parsing file:///var/www/promo.v1/config/mail.php
Parsing file:///var/www/promo.v1/config/logging.php
Parsing file:///var/www/promo.v1/config/filesystems.php
Parsing file:///var/www/promo.v1/config/hashing.php
Parsing file:///var/www/promo.v1/config/services.php
Parsing file:///var/www/promo.v1/config/database.php
Parsing file:///var/www/promo.v1/resources/views/app.blade.php
Parsing file:///var/www/promo.v1/resources/views/welcome.blade.php
Parsing file:///var/www/promo.v1/resources/lang/en/passwords.php
Parsing file:///var/www/promo.v1/resources/lang/en/validation.php
Parsing file:///var/www/promo.v1/resources/lang/en/auth.php
Parsing file:///var/www/promo.v1/resources/lang/en/pagination.php
Parsing file:///var/www/promo.v1/storage/framework/views/576010845545d8876731393dfedf756eded414ef.php
Parsing file:///var/www/promo.v1/bootstrap/app.php
Parsing file:///var/www/promo.v1/bootstrap/cache/packages.php
Parsing file:///var/www/promo.v1/bootstrap/cache/services.php
Parsing file:///var/www/promo.v1/routes/web.php
Parsing file:///var/www/promo.v1/routes/api.php
Parsing file:///var/www/promo.v1/routes/console.php
Parsing file:///var/www/promo.v1/routes/channels.php
[Info  - 11:33:27 AM] Indexing project for dynamic references
Parsing file:///var/www/promo.v1/vendor/composer/autoload_real.php
Parsing file:///var/www/promo.v1/vendor/composer/autoload_classmap.php
[Info  - 11:33:27 AM] Ignoring file file:///var/www/promo.v1/vendor/composer/autoload_classmap.php because it exceeds size limit of 150000 bytes (435833)
Parsing file:///var/www/promo.v1/vendor/composer/autoload_namespaces.php
Parsing file:///var/www/promo.v1/vendor/composer/ClassLoader.php
Parsing file:///var/www/promo.v1/vendor/composer/autoload_psr4.php
Parsing file:///var/www/promo.v1/vendor/composer/autoload_files.php
Parsing file:///var/www/promo.v1/vendor/composer/autoload_static.php
[Info  - 11:33:27 AM] Ignoring file file:///var/www/promo.v1/vendor/composer/autoload_static.php because it exceeds size limit of 150000 bytes (479189)
Parsing file:///var/www/promo.v1/vendor/autoload.php
Parsing file:///var/www/promo.v1/app/Exceptions/Handler.php
Parsing file:///var/www/promo.v1/app/Console/Kernel.php
Parsing file:///var/www/promo.v1/app/Providers/AppServiceProvider.php
Parsing file:///var/www/promo.v1/app/Providers/RouteServiceProvider.php
Parsing file:///var/www/promo.v1/app/Providers/AuthServiceProvider.php
Parsing file:///var/www/promo.v1/app/Providers/BroadcastServiceProvider.php
Parsing file:///var/www/promo.v1/app/Providers/EventServiceProvider.php
Parsing file:///var/www/promo.v1/app/User.php
Parsing file:///var/www/promo.v1/app/Http/Kernel.php
Parsing file:///var/www/promo.v1/app/Http/Controllers/Auth/ForgotPasswordController.php
Parsing file:///var/www/promo.v1/app/Http/Controllers/Auth/LoginController.php
Parsing file:///var/www/promo.v1/app/Http/Controllers/Auth/ResetPasswordController.php
Parsing file:///var/www/promo.v1/app/Http/Controllers/Auth/VerificationController.php
Parsing file:///var/www/promo.v1/app/Http/Controllers/Auth/RegisterController.php
Parsing file:///var/www/promo.v1/app/Http/Controllers/Controller.php
Parsing file:///var/www/promo.v1/app/Http/Middleware/EncryptCookies.php
Parsing file:///var/www/promo.v1/app/Http/Middleware/Authenticate.php
Parsing file:///var/www/promo.v1/app/Http/Middleware/CheckForMaintenanceMode.php
Parsing file:///var/www/promo.v1/app/Http/Middleware/VerifyCsrfToken.php
Parsing file:///var/www/promo.v1/app/Http/Middleware/TrustProxies.php
Parsing file:///var/www/promo.v1/app/Http/Middleware/TrimStrings.php
Parsing file:///var/www/promo.v1/app/Http/Middleware/RedirectIfAuthenticated.php
Parsing file:///var/www/promo.v1/server.php
Parsing file:///var/www/promo.v1/public/index.php
Parsing file:///var/www/promo.v1/database/factories/UserFactory.php
Parsing file:///var/www/promo.v1/database/seeds/DatabaseSeeder.php
Parsing file:///var/www/promo.v1/database/migrations/2014_10_12_000000_create_users_table.php
Parsing file:///var/www/promo.v1/database/migrations/2014_10_12_100000_create_password_resets_table.php
Parsing file:///var/www/promo.v1/tests/Feature/ExampleTest.php
Parsing file:///var/www/promo.v1/tests/TestCase.php
Parsing file:///var/www/promo.v1/tests/CreatesApplication.php
Parsing file:///var/www/promo.v1/tests/Unit/ExampleTest.php
Parsing file:///var/www/promo.v1/config/app.php
Parsing file:///var/www/promo.v1/config/broadcasting.php
Parsing file:///var/www/promo.v1/config/auth.php
Parsing file:///var/www/promo.v1/config/cache.php
Parsing file:///var/www/promo.v1/config/queue.php
Parsing file:///var/www/promo.v1/config/view.php
Parsing file:///var/www/promo.v1/config/session.php
Parsing file:///var/www/promo.v1/config/mail.php
Parsing file:///var/www/promo.v1/config/logging.php
Parsing file:///var/www/promo.v1/config/filesystems.php
Parsing file:///var/www/promo.v1/config/hashing.php
Parsing file:///var/www/promo.v1/config/services.php
Parsing file:///var/www/promo.v1/config/database.php
Parsing file:///var/www/promo.v1/resources/views/app.blade.php
Parsing file:///var/www/promo.v1/resources/views/welcome.blade.php
Parsing file:///var/www/promo.v1/resources/lang/en/passwords.php
Parsing file:///var/www/promo.v1/resources/lang/en/validation.php
Parsing file:///var/www/promo.v1/resources/lang/en/auth.php
Parsing file:///var/www/promo.v1/resources/lang/en/pagination.php
Parsing file:///var/www/promo.v1/storage/framework/views/576010845545d8876731393dfedf756eded414ef.php
Parsing file:///var/www/promo.v1/bootstrap/app.php
Parsing file:///var/www/promo.v1/bootstrap/cache/packages.php
Parsing file:///var/www/promo.v1/bootstrap/cache/services.php
Parsing file:///var/www/promo.v1/routes/web.php
Parsing file:///var/www/promo.v1/routes/api.php
Parsing file:///var/www/promo.v1/routes/console.php
Parsing file:///var/www/promo.v1/routes/channels.php
[Info  - 11:33:28 AM] 74 Packages
[Info  - 11:33:28 AM] Restored jakub-onderka/php-console-highlighter:0.4 from cache
[Info  - 11:33:28 AM] Restored jakub-onderka/php-console-color:0.2 from cache
[Info  - 11:33:28 AM] Restored paragonie/random_compat:9.99.99 from cache
[Info  - 11:33:28 AM] Restored filp/whoops:2.3.1 from cache
[Info  - 11:33:28 AM] Restored tijsverkoyen/css-to-inline-styles:2.2.1 from cache
[Info  - 11:33:28 AM] Restored erusev/parsedown:1.7.1 from cache
[Info  - 11:33:28 AM] Restored laravel/tinker:1.0.8 from cache
[Info  - 11:33:28 AM] Restored laravel/framework:5.8.2 from cache
[Info  - 11:33:28 AM] Restored sebastian/recursion-context:3.0.0 from cache
[Info  - 11:33:28 AM] Restored sebastian/version:2.0.1 from cache
[Info  - 11:33:28 AM] Restored sebastian/environment:4.1.0 from cache
[Info  - 11:33:28 AM] Restored sebastian/object-enumerator:3.0.3 from cache
[Info  - 11:33:28 AM] Restored sebastian/diff:3.0.2 from cache
[Info  - 11:33:28 AM] Restored sebastian/code-unit-reverse-lookup:1.0.1 from cache
[Info  - 11:33:28 AM] Restored sebastian/exporter:3.1.0 from cache
[Info  - 11:33:28 AM] Restored sebastian/comparator:3.0.2 from cache
[Info  - 11:33:28 AM] Restored sebastian/global-state:2.0.0 from cache
[Info  - 11:33:28 AM] Restored sebastian/resource-operations:2.0.1 from cache
[Info  - 11:33:28 AM] Restored sebastian/object-reflector:1.1.1 from cache
[Info  - 11:33:28 AM] Restored psr/log:1.1.0 from cache
[Info  - 11:33:28 AM] Restored psr/simple-cache:1.0.1 from cache
[Info  - 11:33:28 AM] Restored psr/container:1.0.0 from cache
[Info  - 11:33:28 AM] Restored dnoegel/php-xdg-base-dir:0.1 from cache
[Info  - 11:33:28 AM] Restored fideloper/proxy:4.1.0 from cache
[Info  - 11:33:28 AM] Restored beyondcode/laravel-dump-server:1.2.2 from cache
[Info  - 11:33:28 AM] Restored ramsey/uuid:3.8.0 from cache
[Info  - 11:33:29 AM] Restored nikic/php-parser:4.2.1 from cache
[Info  - 11:33:29 AM] Restored monolog/monolog:1.24.0 from cache
[Info  - 11:33:29 AM] Restored webmozart/assert:1.4.0 from cache
[Info  - 11:33:29 AM] Restored symfony/debug:4.2.3 from cache
[Info  - 11:33:29 AM] Restored symfony/polyfill-php72:1.10.0 from cache
[Info  - 11:33:29 AM] Restored symfony/console:4.2.3 from cache
[Info  - 11:33:29 AM] Restored symfony/translation:4.2.3 from cache
[Info  - 11:33:29 AM] Restored symfony/var-dumper:4.2.3 from cache
[Info  - 11:33:29 AM] Restored symfony/css-selector:4.2.3 from cache
[Info  - 11:33:29 AM] Restored symfony/http-foundation:4.2.3 from cache
[Info  - 11:33:29 AM] Restored symfony/finder:4.2.3 from cache
[Info  - 11:33:30 AM] Restored symfony/contracts:1.0.2 from cache
[Info  - 11:33:30 AM] Restored symfony/process:4.2.3 from cache
[Info  - 11:33:30 AM] Restored symfony/http-kernel:4.2.3 from cache
[Info  - 11:33:30 AM] Restored symfony/routing:4.2.3 from cache
[Info  - 11:33:30 AM] Restored symfony/polyfill-mbstring:1.10.0 from cache
[Info  - 11:33:30 AM] Restored symfony/polyfill-ctype:1.10.0 from cache
[Info  - 11:33:30 AM] Restored symfony/event-dispatcher:4.2.3 from cache
[Info  - 11:33:30 AM] Restored phpdocumentor/reflection-common:1.0.1 from cache
[Info  - 11:33:30 AM] Restored phpdocumentor/type-resolver:0.4.0 from cache
[Info  - 11:33:30 AM] Restored phpdocumentor/reflection-docblock:4.3.0 from cache
[Info  - 11:33:30 AM] Restored fzaninotto/faker:1.8.0 from cache
[Info  - 11:33:30 AM] Restored myclabs/deep-copy:1.8.1 from cache
[Info  - 11:33:30 AM] Restored phpoption/phpoption:1.5.0 from cache
[Info  - 11:33:30 AM] Restored theseer/tokenizer:1.1.0 from cache
[Info  - 11:33:30 AM] Restored nunomaduro/collision:2.1.1 from cache
[Info  - 11:33:31 AM] Restored opis/closure:3.1.6 from cache
[Info  - 11:33:31 AM] Restored nesbot/carbon:2.14.1 from cache
[Info  - 11:33:31 AM] Restored mockery/mockery:1.2.2 from cache
[Info  - 11:33:31 AM] Restored phpunit/php-file-iterator:2.0.2 from cache
[Info  - 11:33:31 AM] Restored phpunit/php-token-stream:3.0.1 from cache
[Info  - 11:33:31 AM] Restored phpunit/php-text-template:1.2.1 from cache
[Info  - 11:33:31 AM] Restored phpunit/phpunit:7.5.6 from cache
[Info  - 11:33:31 AM] Restored phpunit/php-timer:2.1.1 from cache
[Info  - 11:33:32 AM] Restored phpunit/php-code-coverage:6.1.4 from cache
[Info  - 11:33:32 AM] Restored swiftmailer/swiftmailer:6.1.3 from cache
[Info  - 11:33:32 AM] Restored dragonmantank/cron-expression:2.2.0 from cache
[Info  - 11:33:32 AM] Restored psy/psysh:0.9.9 from cache
[Info  - 11:33:32 AM] Restored doctrine/inflector:1.3.0 from cache
[Info  - 11:33:32 AM] Restored doctrine/instantiator:1.1.0 from cache
[Info  - 11:33:32 AM] Restored doctrine/lexer:1.0.1 from cache
[Info  - 11:33:32 AM] Restored phar-io/version:2.0.1 from cache
[Info  - 11:33:32 AM] Restored phar-io/manifest:1.0.3 from cache
[Info  - 11:33:33 AM] Restored phpspec/prophecy:1.8.0 from cache
[Info  - 11:33:33 AM] Restored hamcrest/hamcrest-php:2.0.0 from cache
[Info  - 11:33:33 AM] Restored vlucas/phpdotenv:3.3.2 from cache
[Info  - 11:33:33 AM] Restored league/flysystem:1.0.50 from cache
[Info  - 11:33:33 AM] Restored egulias/email-validator:2.1.7 from cache
[Info  - 11:33:33 AM] All 5837 PHP files parsed in 6 seconds. 412 MiB allocated.
