[Info  - 11:33:28 AM] Initialising
[Info  - 11:33:28 AM] Reading state from /var/www/promo.v1/~/.vscode-root/User/workspaceStorage/1a73032b09c7c86f95fe2b4b9257ab75/bmewburn.vscode-intelephense-client/59399cfd.
[Info  - 11:33:28 AM] Initialised in 43 ms
[Info  - 11:33:28 AM] Intelephense 1.0.4
[Info  - 11:33:28 AM] Indexing started.
[Warn  - 11:33:29 AM] file:///var/www/promo.v1/vendor/fzaninotto/faker/src/Faker/Provider/nl_BE/Text.php is over the maximum file size of 1000000 bytes.
[Info  - 11:33:55 AM] Indexing ended. Elapsed 26s.
[Info  - 11:33:55 AM] Indexed 4258 files. Writing state to /var/www/promo.v1/~/.vscode-root/User/workspaceStorage/1a73032b09c7c86f95fe2b4b9257ab75/bmewburn.vscode-intelephense-client/59399cfd.
[Info  - 11:34:59 AM] Indexing started.
[Info  - 11:34:59 AM] Indexing ended. Elapsed 0s.
[Info  - 11:35:12 AM] Indexing started.
[Info  - 11:35:12 AM] Indexing ended. Elapsed 0s.
[Info  - 11:36:30 AM] Indexing started.
[Info  - 11:36:30 AM] Indexing ended. Elapsed 0s.
[Info  - 11:37:00 AM] Indexing started.
[Info  - 11:37:00 AM] Indexing ended. Elapsed 0s.
[Info  - 11:37:44 AM] Indexing started.
[Info  - 11:37:44 AM] Indexing ended. Elapsed 0s.
[Info  - 11:37:48 AM] Indexing started.
[Info  - 11:37:48 AM] Indexing ended. Elapsed 0s.
[Info  - 11:38:21 AM] Indexing started.
[Info  - 11:38:21 AM] Indexing ended. Elapsed 0s.
[Info  - 11:38:38 AM] Indexing started.
[Info  - 11:38:38 AM] Indexing ended. Elapsed 0s.
[Info  - 11:46:17 AM] Indexing started.
[Info  - 11:46:17 AM] Indexing ended. Elapsed 0s.
[Info  - 11:46:18 AM] Indexing started.
[Info  - 11:46:18 AM] Indexing ended. Elapsed 0s.
[Info  - 11:47:04 AM] Indexing started.
[Info  - 11:47:04 AM] Indexing ended. Elapsed 0s.
[Info  - 11:47:06 AM] Indexing started.
[Info  - 11:47:06 AM] Indexing ended. Elapsed 0s.
[Info  - 11:47:14 AM] Indexing started.
[Info  - 11:47:14 AM] Indexing ended. Elapsed 0s.
[Info  - 11:47:15 AM] Indexing started.
[Info  - 11:47:15 AM] Indexing ended. Elapsed 0s.
[Info  - 11:47:42 AM] Indexing started.
[Info  - 11:47:43 AM] Indexing ended. Elapsed 0s.
[Info  - 11:48:06 AM] Indexing started.
[Info  - 11:48:06 AM] Indexing ended. Elapsed 0s.
[Info  - 11:48:25 AM] Indexing started.
[Info  - 11:48:26 AM] Indexing ended. Elapsed 0s.
[Info  - 11:48:27 AM] Indexing started.
[Info  - 11:48:27 AM] Indexing ended. Elapsed 0s.
[Info  - 11:48:51 AM] Indexing started.
[Info  - 11:48:51 AM] Indexing ended. Elapsed 0s.
[Info  - 11:48:54 AM] Indexing started.
[Info  - 11:48:55 AM] Indexing ended. Elapsed 0s.
[Info  - 11:49:03 AM] Indexing started.
[Info  - 11:49:03 AM] Indexing ended. Elapsed 0s.
[Info  - 11:49:04 AM] Indexing started.
[Info  - 11:49:05 AM] Indexing ended. Elapsed 0s.
[Info  - 11:52:38 AM] Indexing started.
[Info  - 11:52:38 AM] Indexing ended. Elapsed 0s.
[Info  - 11:52:41 AM] Indexing started.
[Info  - 11:52:41 AM] Indexing ended. Elapsed 0s.
[Info  - 11:52:46 AM] Indexing started.
[Info  - 11:52:47 AM] Indexing ended. Elapsed 0s.
[Info  - 11:53:42 AM] Indexing started.
[Info  - 11:53:42 AM] Indexing ended. Elapsed 0s.
[Info  - 11:53:48 AM] Indexing started.
[Info  - 11:53:48 AM] Indexing ended. Elapsed 0s.
[Info  - 11:54:34 AM] Indexing started.
[Info  - 11:54:34 AM] Indexing ended. Elapsed 0s.
[Info  - 11:54:37 AM] Indexing started.
[Info  - 11:54:37 AM] Indexing ended. Elapsed 0s.
[Info  - 11:55:56 AM] Indexing started.
[Info  - 11:55:56 AM] Indexing ended. Elapsed 0s.
[Info  - 11:55:57 AM] Indexing started.
[Info  - 11:55:57 AM] Indexing ended. Elapsed 0s.
[Info  - 11:55:58 AM] Indexing started.
[Info  - 11:55:58 AM] Indexing ended. Elapsed 0s.
[Info  - 11:56:12 AM] Indexing started.
[Info  - 11:56:13 AM] Indexing ended. Elapsed 0s.
[Info  - 11:56:13 AM] Indexing started.
[Info  - 11:56:14 AM] Indexing ended. Elapsed 0s.
[Info  - 11:56:28 AM] Indexing started.
[Info  - 11:56:28 AM] Indexing ended. Elapsed 0s.
[Info  - 11:56:28 AM] Indexing started.
[Info  - 11:56:29 AM] Indexing ended. Elapsed 0s.
[Info  - 11:56:52 AM] Indexing started.
[Info  - 11:56:52 AM] Indexing ended. Elapsed 0s.
[Info  - 11:56:53 AM] Indexing started.
[Info  - 11:56:53 AM] Indexing ended. Elapsed 0s.
[Info  - 12:38:21 PM] Indexing started.
[Info  - 12:38:22 PM] Indexing ended. Elapsed 0s.
[Info  - 12:40:58 PM] Indexing started.
[Info  - 12:40:58 PM] Indexing ended. Elapsed 0s.
[Info  - 12:41:04 PM] Indexing started.
[Info  - 12:41:04 PM] Indexing ended. Elapsed 0s.
[Info  - 12:41:05 PM] Indexing started.
[Info  - 12:41:05 PM] Indexing ended. Elapsed 0s.
[Info  - 12:41:12 PM] Indexing started.
[Info  - 12:41:12 PM] Indexing ended. Elapsed 0s.
[Info  - 12:42:19 PM] Indexing started.
[Info  - 12:42:19 PM] Indexing ended. Elapsed 0s.
[Info  - 12:42:22 PM] Indexing started.
[Info  - 12:42:22 PM] Indexing ended. Elapsed 0s.
[Info  - 12:44:20 PM] Indexing started.
[Info  - 12:44:20 PM] Indexing ended. Elapsed 0s.
[Info  - 12:44:42 PM] Indexing started.
[Info  - 12:44:42 PM] Indexing ended. Elapsed 0s.
[Info  - 12:44:58 PM] Indexing started.
[Info  - 12:44:58 PM] Indexing ended. Elapsed 0s.
[Info  - 12:45:10 PM] Indexing started.
[Info  - 12:45:10 PM] Indexing ended. Elapsed 0s.
[Info  - 12:45:13 PM] Indexing started.
[Info  - 12:45:13 PM] Indexing ended. Elapsed 0s.
[Info  - 12:48:06 PM] Indexing started.
[Info  - 12:48:07 PM] Indexing ended. Elapsed 0s.
[Info  - 12:48:07 PM] Indexing started.
[Info  - 12:48:07 PM] Indexing ended. Elapsed 0s.
[Info  - 12:50:48 PM] Indexing started.
[Info  - 12:50:48 PM] Indexing ended. Elapsed 0s.
[Info  - 12:51:02 PM] Indexing started.
[Info  - 12:51:02 PM] Indexing ended. Elapsed 0s.
[Info  - 12:51:02 PM] Indexing started.
[Info  - 12:51:02 PM] Indexing ended. Elapsed 0s.
[Info  - 12:51:46 PM] Indexing started.
[Info  - 12:51:46 PM] Indexing ended. Elapsed 0s.
[Info  - 12:52:42 PM] Indexing started.
[Info  - 12:52:43 PM] Indexing ended. Elapsed 0s.
[Info  - 12:52:45 PM] Indexing started.
[Info  - 12:52:45 PM] Indexing ended. Elapsed 0s.
[Info  - 12:59:33 PM] Indexing started.
[Info  - 12:59:34 PM] Indexing ended. Elapsed 0s.
[Info  - 12:59:34 PM] Indexing started.
[Info  - 12:59:34 PM] Indexing ended. Elapsed 0s.
[Info  - 12:59:35 PM] Indexing started.
[Info  - 12:59:35 PM] Indexing ended. Elapsed 0s.
[Info  - 12:59:43 PM] Indexing started.
[Info  - 12:59:43 PM] Indexing ended. Elapsed 0s.
[Info  - 12:59:44 PM] Indexing started.
[Info  - 12:59:44 PM] Indexing ended. Elapsed 0s.
[Info  - 1:00:01 PM] Indexing started.
[Info  - 1:00:01 PM] Indexing ended. Elapsed 0s.
[Info  - 1:00:34 PM] Indexing started.
[Info  - 1:00:34 PM] Indexing ended. Elapsed 0s.
[Info  - 1:00:35 PM] Indexing started.
[Info  - 1:00:35 PM] Indexing ended. Elapsed 0s.
[Info  - 1:01:09 PM] Indexing started.
[Info  - 1:01:09 PM] Indexing ended. Elapsed 0s.
[Info  - 1:01:10 PM] Indexing started.
[Info  - 1:01:10 PM] Indexing ended. Elapsed 0s.
[Info  - 1:01:53 PM] Indexing started.
[Info  - 1:01:53 PM] Indexing ended. Elapsed 0s.
[Info  - 1:04:14 PM] Indexing started.
[Info  - 1:04:14 PM] Indexing ended. Elapsed 0s.
[Info  - 1:04:41 PM] Indexing started.
[Info  - 1:04:41 PM] Indexing ended. Elapsed 0s.
[Info  - 1:04:56 PM] Indexing started.
[Info  - 1:04:56 PM] Indexing ended. Elapsed 0s.
[Info  - 1:05:21 PM] Indexing started.
[Info  - 1:05:21 PM] Indexing ended. Elapsed 0s.
[Info  - 1:06:56 PM] Indexing started.
[Info  - 1:06:56 PM] Indexing ended. Elapsed 0s.
[Info  - 1:07:00 PM] Indexing started.
[Info  - 1:07:00 PM] Indexing ended. Elapsed 0s.
[Info  - 1:07:27 PM] Indexing started.
[Info  - 1:07:27 PM] Indexing ended. Elapsed 0s.
[Info  - 1:08:22 PM] Indexing started.
[Info  - 1:08:22 PM] Indexing ended. Elapsed 0s.
[Info  - 1:08:36 PM] Indexing started.
[Info  - 1:08:36 PM] Indexing ended. Elapsed 0s.
[Info  - 1:08:37 PM] Indexing started.
[Info  - 1:08:37 PM] Indexing ended. Elapsed 0s.
[Info  - 1:08:49 PM] Indexing started.
[Info  - 1:08:49 PM] Indexing ended. Elapsed 0s.
[Info  - 1:08:52 PM] Indexing started.
[Info  - 1:08:52 PM] Indexing ended. Elapsed 0s.
[Info  - 1:11:22 PM] Indexing started.
[Info  - 1:11:22 PM] Indexing ended. Elapsed 0s.
[Info  - 1:11:45 PM] Indexing started.
[Info  - 1:11:45 PM] Indexing ended. Elapsed 0s.
[Info  - 1:12:10 PM] Indexing started.
[Info  - 1:12:10 PM] Indexing ended. Elapsed 0s.
[Info  - 1:12:24 PM] Indexing started.
[Info  - 1:12:24 PM] Indexing ended. Elapsed 0s.
[Info  - 1:12:41 PM] Indexing started.
[Info  - 1:12:41 PM] Indexing ended. Elapsed 0s.
[Info  - 1:12:42 PM] Indexing started.
[Info  - 1:12:42 PM] Indexing ended. Elapsed 0s.
[Info  - 1:13:22 PM] Indexing started.
[Info  - 1:13:22 PM] Indexing ended. Elapsed 0s.
[Info  - 1:13:43 PM] Indexing started.
[Info  - 1:13:43 PM] Indexing ended. Elapsed 0s.
[Info  - 1:13:44 PM] Indexing started.
[Info  - 1:13:44 PM] Indexing ended. Elapsed 0s.
[Info  - 1:14:36 PM] Indexing started.
[Info  - 1:14:36 PM] Indexing ended. Elapsed 0s.
[Info  - 1:14:37 PM] Indexing started.
[Info  - 1:14:37 PM] Indexing ended. Elapsed 0s.
[Info  - 1:16:31 PM] Indexing started.
[Info  - 1:16:31 PM] Indexing ended. Elapsed 0s.
[Info  - 1:16:32 PM] Indexing started.
[Info  - 1:16:32 PM] Indexing ended. Elapsed 0s.
[Info  - 1:17:10 PM] Indexing started.
[Info  - 1:17:10 PM] Indexing ended. Elapsed 0s.
[Info  - 1:18:30 PM] Indexing started.
[Info  - 1:18:31 PM] Indexing ended. Elapsed 0s.
[Info  - 1:18:47 PM] Indexing started.
[Info  - 1:18:47 PM] Indexing ended. Elapsed 0s.
[Info  - 1:18:58 PM] Indexing started.
[Info  - 1:18:58 PM] Indexing ended. Elapsed 0s.
[Info  - 1:19:22 PM] Indexing started.
[Info  - 1:19:22 PM] Indexing ended. Elapsed 0s.
[Info  - 1:20:23 PM] Indexing started.
[Info  - 1:20:23 PM] Indexing ended. Elapsed 0s.
[Info  - 1:20:34 PM] Indexing started.
[Info  - 1:20:34 PM] Indexing ended. Elapsed 0s.
[Info  - 1:21:35 PM] Indexing started.
[Info  - 1:21:35 PM] Indexing ended. Elapsed 0s.
[Info  - 1:21:41 PM] Indexing started.
[Info  - 1:21:41 PM] Indexing ended. Elapsed 0s.
[Info  - 1:21:53 PM] Indexing started.
[Info  - 1:21:53 PM] Indexing ended. Elapsed 0s.
[Info  - 1:21:56 PM] Indexing started.
[Info  - 1:21:56 PM] Indexing ended. Elapsed 0s.
[Info  - 1:23:28 PM] Indexing started.
[Info  - 1:23:28 PM] Indexing ended. Elapsed 0s.
[Info  - 1:23:42 PM] Indexing started.
[Info  - 1:23:42 PM] Indexing ended. Elapsed 0s.
[Info  - 1:23:47 PM] Indexing started.
[Info  - 1:23:47 PM] Indexing ended. Elapsed 0s.
[Info  - 1:23:47 PM] Indexing started.
[Info  - 1:23:47 PM] Indexing ended. Elapsed 0s.
[Info  - 1:24:13 PM] Indexing started.
[Info  - 1:24:13 PM] Indexing ended. Elapsed 0s.
[Info  - 1:24:35 PM] Indexing started.
[Info  - 1:24:35 PM] Indexing ended. Elapsed 0s.
[Info  - 1:25:31 PM] Indexing started.
[Info  - 1:25:31 PM] Indexing ended. Elapsed 0s.
[Info  - 1:25:33 PM] Indexing started.
[Info  - 1:25:33 PM] Indexing ended. Elapsed 0s.
[Info  - 1:25:37 PM] Indexing started.
[Info  - 1:25:37 PM] Indexing ended. Elapsed 0s.
[Info  - 1:25:38 PM] Indexing started.
[Info  - 1:25:38 PM] Indexing ended. Elapsed 0s.
[Info  - 1:26:59 PM] Indexing started.
[Info  - 1:27:00 PM] Indexing ended. Elapsed 0s.
[Info  - 1:27:35 PM] Indexing started.
[Info  - 1:27:35 PM] Indexing ended. Elapsed 0s.
[Info  - 1:27:47 PM] Indexing started.
[Info  - 1:27:47 PM] Indexing ended. Elapsed 0s.
[Info  - 1:28:21 PM] Indexing started.
[Info  - 1:28:21 PM] Indexing ended. Elapsed 0s.
[Info  - 1:28:40 PM] Indexing started.
[Info  - 1:28:40 PM] Indexing ended. Elapsed 0s.
[Info  - 1:30:14 PM] Indexing started.
[Info  - 1:30:14 PM] Indexing ended. Elapsed 0s.
[Info  - 1:30:15 PM] Indexing started.
[Info  - 1:30:15 PM] Indexing ended. Elapsed 0s.
[Info  - 1:30:37 PM] Indexing started.
[Info  - 1:30:37 PM] Indexing ended. Elapsed 0s.
[Info  - 1:31:02 PM] Indexing started.
[Info  - 1:31:02 PM] Indexing ended. Elapsed 0s.
[Info  - 1:31:11 PM] Indexing started.
[Info  - 1:31:11 PM] Indexing ended. Elapsed 0s.
[Info  - 1:31:12 PM] Indexing started.
[Info  - 1:31:12 PM] Indexing ended. Elapsed 0s.
[Info  - 1:34:23 PM] Indexing started.
[Info  - 1:34:24 PM] Indexing ended. Elapsed 0s.
[Info  - 1:34:38 PM] Indexing started.
[Info  - 1:34:39 PM] Indexing ended. Elapsed 0s.
[Info  - 1:35:28 PM] Indexing started.
[Info  - 1:35:29 PM] Indexing ended. Elapsed 0s.
[Info  - 1:35:29 PM] Indexing started.
[Info  - 1:35:29 PM] Indexing ended. Elapsed 0s.
[Info  - 1:35:36 PM] Indexing started.
[Info  - 1:35:36 PM] Indexing ended. Elapsed 0s.
[Info  - 1:36:59 PM] Indexing started.
[Info  - 1:37:00 PM] Indexing ended. Elapsed 0s.
[Info  - 1:37:03 PM] Indexing started.
[Info  - 1:37:03 PM] Indexing ended. Elapsed 0s.
[Info  - 1:37:26 PM] Indexing started.
[Info  - 1:37:26 PM] Indexing ended. Elapsed 0s.
[Info  - 1:37:27 PM] Indexing started.
[Info  - 1:37:27 PM] Indexing ended. Elapsed 0s.
[Info  - 1:37:51 PM] Indexing started.
[Info  - 1:37:51 PM] Indexing ended. Elapsed 0s.
[Info  - 1:41:16 PM] Indexing started.
[Info  - 1:41:16 PM] Indexing ended. Elapsed 0s.
[Info  - 1:41:17 PM] Indexing started.
[Info  - 1:41:17 PM] Indexing ended. Elapsed 0s.
[Info  - 1:43:15 PM] Indexing started.
[Info  - 1:43:15 PM] Indexing ended. Elapsed 0s.
[Info  - 1:44:15 PM] Indexing started.
[Info  - 1:44:15 PM] Indexing ended. Elapsed 0s.
[Info  - 1:44:18 PM] Indexing started.
[Info  - 1:44:18 PM] Indexing ended. Elapsed 0s.
[Info  - 1:46:10 PM] Indexing started.
[Info  - 1:46:10 PM] Indexing ended. Elapsed 0s.
[Info  - 1:46:10 PM] Indexing started.
[Info  - 1:46:10 PM] Indexing ended. Elapsed 0s.
[Info  - 1:46:12 PM] Indexing started.
[Info  - 1:46:12 PM] Indexing ended. Elapsed 0s.
[Info  - 1:47:40 PM] Indexing started.
[Info  - 1:47:40 PM] Indexing ended. Elapsed 0s.
[Info  - 1:47:41 PM] Indexing started.
[Info  - 1:47:41 PM] Indexing ended. Elapsed 0s.
[Info  - 1:48:13 PM] Indexing started.
[Info  - 1:48:13 PM] Indexing ended. Elapsed 0s.
[Info  - 1:48:18 PM] Indexing started.
[Info  - 1:48:18 PM] Indexing ended. Elapsed 0s.
[Info  - 1:48:19 PM] Indexing started.
[Info  - 1:48:19 PM] Indexing ended. Elapsed 0s.
[Info  - 1:50:30 PM] Indexing started.
[Info  - 1:50:30 PM] Indexing ended. Elapsed 0s.
[Info  - 1:50:31 PM] Indexing started.
[Info  - 1:50:31 PM] Indexing ended. Elapsed 0s.
[Info  - 1:51:09 PM] Indexing started.
[Info  - 1:51:10 PM] Indexing ended. Elapsed 0s.
[Info  - 1:51:10 PM] Indexing started.
[Info  - 1:51:11 PM] Indexing ended. Elapsed 0s.
[Info  - 1:51:24 PM] Indexing started.
[Info  - 1:51:24 PM] Indexing ended. Elapsed 0s.
[Info  - 1:51:27 PM] Indexing started.
[Info  - 1:51:27 PM] Indexing ended. Elapsed 0s.
[Info  - 1:51:47 PM] Indexing started.
[Info  - 1:51:47 PM] Indexing ended. Elapsed 0s.
[Info  - 1:51:48 PM] Indexing started.
[Info  - 1:51:48 PM] Indexing ended. Elapsed 0s.
[Info  - 1:52:55 PM] Indexing started.
[Info  - 1:52:55 PM] Indexing ended. Elapsed 0s.
[Info  - 1:52:56 PM] Indexing started.
[Info  - 1:52:57 PM] Indexing ended. Elapsed 0s.
[Info  - 1:53:34 PM] Indexing started.
[Info  - 1:53:34 PM] Indexing ended. Elapsed 0s.
[Info  - 1:53:52 PM] Indexing started.
[Info  - 1:53:53 PM] Indexing ended. Elapsed 0s.
[Info  - 1:53:53 PM] Indexing started.
[Info  - 1:53:53 PM] Indexing ended. Elapsed 0s.
